app/build/intermediates/manifest_merge_blame_file/release/processReleaseMainManifest/manifest-merger-blame-release-report.txt
1<?xml version="1.0" encoding="utf-8"?>
2<manifest xmlns:android="http://schemas.android.com/apk/res/android"
3    package="XiYue.SiyoX"
4    android:versionCode="1"
5    android:versionName="1.0.0" >
6
7    <uses-sdk
7-->src\main\AndroidManifest.xml:5:5-68
8        android:minSdkVersion="26"
8-->INJECTED
9        android:targetSdkVersion="35" />
9-->INJECTED
10
11    <uses-permission android:name="android.permission.INTERNET" />
11-->src\main\AndroidManifest.xml:7:5-67
11-->src\main\AndroidManifest.xml:7:22-64
12    <uses-permission android:name="android.permission.ACCESS_NETWORK_STATE" />
12-->src\main\AndroidManifest.xml:8:5-79
12-->src\main\AndroidManifest.xml:8:22-76
13    <uses-permission android:name="android.permission.REQUEST_INSTALL_PACKAGES" />
13-->src\main\AndroidManifest.xml:9:5-83
13-->src\main\AndroidManifest.xml:9:22-80
14
15    <permission
15-->[androidx.core:core:1.18.0] AndroidManifest.xml:22:5-24:47
16        android:name="XiYue.SiyoX.DYNAMIC_RECEIVER_NOT_EXPORTED_PERMISSION"
16-->[androidx.core:core:1.18.0] AndroidManifest.xml:23:9-81
17        android:protectionLevel="signature" />
17-->[androidx.core:core:1.18.0] AndroidManifest.xml:24:9-44
18
19    <uses-permission android:name="XiYue.SiyoX.DYNAMIC_RECEIVER_NOT_EXPORTED_PERMISSION" />
19-->[androidx.core:core:1.18.0] AndroidManifest.xml:26:5-97
19-->[androidx.core:core:1.18.0] AndroidManifest.xml:26:22-94
20
21    <application
21-->src\main\AndroidManifest.xml:11:5-54:19
22        android:name="XiYue.SiyoX.SiyoXApp"
22-->src\main\AndroidManifest.xml:12:9-44
23        android:allowBackup="false"
23-->src\main\AndroidManifest.xml:13:9-36
24        android:appComponentFactory="androidx.core.app.CoreComponentFactory"
24-->[androidx.core:core:1.18.0] AndroidManifest.xml:28:18-86
25        android:extractNativeLibs="false"
25-->INJECTED
26        android:icon="@drawable/logo"
26-->src\main\AndroidManifest.xml:14:9-38
27        android:label="@string/app_name"
27-->src\main\AndroidManifest.xml:15:9-41
28        android:roundIcon="@drawable/logo"
28-->src\main\AndroidManifest.xml:16:9-43
29        android:supportsRtl="true"
29-->src\main\AndroidManifest.xml:17:9-35
30        android:theme="@style/Theme.SiyoX" >
30-->src\main\AndroidManifest.xml:18:9-43
31
32        <!-- Xposed / LSPosed Module Declaration -->
33        <meta-data
33-->src\main\AndroidManifest.xml:22:9-24:36
34            android:name="xposedmodule"
34-->src\main\AndroidManifest.xml:23:13-40
35            android:value="true" />
35-->src\main\AndroidManifest.xml:24:13-33
36        <meta-data
36-->src\main\AndroidManifest.xml:25:9-27:57
37            android:name="xposeddescription"
37-->src\main\AndroidManifest.xml:26:13-45
38            android:value="SiyoX - 网易我的世界网络验证与辅助增强模块" />
38-->src\main\AndroidManifest.xml:27:13-54
39        <meta-data
39-->src\main\AndroidManifest.xml:28:9-30:34
40            android:name="xposedminversion"
40-->src\main\AndroidManifest.xml:29:13-44
41            android:value="54" />
41-->src\main\AndroidManifest.xml:30:13-31
42        <meta-data
42-->src\main\AndroidManifest.xml:31:9-33:47
43            android:name="xposedscope"
43-->src\main\AndroidManifest.xml:32:13-39
44            android:value="com.netease.x19" />
44-->src\main\AndroidManifest.xml:33:13-44
45
46        <!-- Launcher Activity (Desktop App with MiuiX UI) -->
47        <activity
47-->src\main\AndroidManifest.xml:36:9-47:20
48            android:name="XiYue.SiyoX.MainActivity"
48-->src\main\AndroidManifest.xml:37:13-52
49            android:exported="true"
49-->src\main\AndroidManifest.xml:38:13-36
50            android:icon="@drawable/logo"
50-->src\main\AndroidManifest.xml:39:13-42
51            android:label="SiyoX"
51-->src\main\AndroidManifest.xml:41:13-34
52            android:roundIcon="@drawable/logo"
52-->src\main\AndroidManifest.xml:40:13-47
53            android:theme="@style/Theme.SiyoX" >
53-->src\main\AndroidManifest.xml:42:13-47
54            <intent-filter>
54-->src\main\AndroidManifest.xml:43:13-46:29
55                <action android:name="android.intent.action.MAIN" />
55-->src\main\AndroidManifest.xml:44:17-69
55-->src\main\AndroidManifest.xml:44:25-66
56
57                <category android:name="android.intent.category.LAUNCHER" />
57-->src\main\AndroidManifest.xml:45:17-77
57-->src\main\AndroidManifest.xml:45:27-74
58            </intent-filter>
59        </activity>
60
61        <!-- EPIC In-app Updater Install Broadcast Receiver -->
62        <receiver
62-->src\main\AndroidManifest.xml:50:9-52:40
63            android:name="epic.verify.api.InstallReceiver"
63-->src\main\AndroidManifest.xml:51:13-59
64            android:exported="false" />
64-->src\main\AndroidManifest.xml:52:13-37
65
66        <provider
66-->[org.jetbrains.compose.components:components-resources-android:1.11.1] AndroidManifest.xml:8:9-13:20
67            android:name="org.jetbrains.compose.resources.AndroidContextProvider"
67-->[org.jetbrains.compose.components:components-resources-android:1.11.1] AndroidManifest.xml:9:13-82
68            android:authorities="XiYue.SiyoX.resources.AndroidContextProvider"
68-->[org.jetbrains.compose.components:components-resources-android:1.11.1] AndroidManifest.xml:10:13-84
69            android:enabled="true"
69-->[org.jetbrains.compose.components:components-resources-android:1.11.1] AndroidManifest.xml:11:13-35
70            android:exported="false" >
70-->[org.jetbrains.compose.components:components-resources-android:1.11.1] AndroidManifest.xml:12:13-37
71        </provider>
72        <provider
72-->[androidx.emoji2:emoji2:1.4.0] AndroidManifest.xml:24:9-32:20
73            android:name="androidx.startup.InitializationProvider"
73-->[androidx.emoji2:emoji2:1.4.0] AndroidManifest.xml:25:13-67
74            android:authorities="XiYue.SiyoX.androidx-startup"
74-->[androidx.emoji2:emoji2:1.4.0] AndroidManifest.xml:26:13-68
75            android:exported="false" >
75-->[androidx.emoji2:emoji2:1.4.0] AndroidManifest.xml:27:13-37
76            <meta-data
76-->[androidx.emoji2:emoji2:1.4.0] AndroidManifest.xml:29:13-31:52
77                android:name="androidx.emoji2.text.EmojiCompatInitializer"
77-->[androidx.emoji2:emoji2:1.4.0] AndroidManifest.xml:30:17-75
78                android:value="androidx.startup" />
78-->[androidx.emoji2:emoji2:1.4.0] AndroidManifest.xml:31:17-49
79            <meta-data
79-->[androidx.lifecycle:lifecycle-process:2.10.0] AndroidManifest.xml:29:13-31:52
80                android:name="androidx.lifecycle.ProcessLifecycleInitializer"
80-->[androidx.lifecycle:lifecycle-process:2.10.0] AndroidManifest.xml:30:17-78
81                android:value="androidx.startup" />
81-->[androidx.lifecycle:lifecycle-process:2.10.0] AndroidManifest.xml:31:17-49
82            <meta-data
82-->[androidx.profileinstaller:profileinstaller:1.4.0] AndroidManifest.xml:29:13-31:52
83                android:name="androidx.profileinstaller.ProfileInstallerInitializer"
83-->[androidx.profileinstaller:profileinstaller:1.4.0] AndroidManifest.xml:30:17-85
84                android:value="androidx.startup" />
84-->[androidx.profileinstaller:profileinstaller:1.4.0] AndroidManifest.xml:31:17-49
85        </provider>
86
87        <uses-library
87-->[androidx.window:window:1.5.0] AndroidManifest.xml:23:9-25:40
88            android:name="androidx.window.extensions"
88-->[androidx.window:window:1.5.0] AndroidManifest.xml:24:13-54
89            android:required="false" />
89-->[androidx.window:window:1.5.0] AndroidManifest.xml:25:13-37
90        <uses-library
90-->[androidx.window:window:1.5.0] AndroidManifest.xml:26:9-28:40
91            android:name="androidx.window.sidecar"
91-->[androidx.window:window:1.5.0] AndroidManifest.xml:27:13-51
92            android:required="false" />
92-->[androidx.window:window:1.5.0] AndroidManifest.xml:28:13-37
93
94        <receiver
94-->[androidx.profileinstaller:profileinstaller:1.4.0] AndroidManifest.xml:34:9-52:20
95            android:name="androidx.profileinstaller.ProfileInstallReceiver"
95-->[androidx.profileinstaller:profileinstaller:1.4.0] AndroidManifest.xml:35:13-76
96            android:directBootAware="false"
96-->[androidx.profileinstaller:profileinstaller:1.4.0] AndroidManifest.xml:36:13-44
97            android:enabled="true"
97-->[androidx.profileinstaller:profileinstaller:1.4.0] AndroidManifest.xml:37:13-35
98            android:exported="true"
98-->[androidx.profileinstaller:profileinstaller:1.4.0] AndroidManifest.xml:38:13-36
99            android:permission="android.permission.DUMP" >
99-->[androidx.profileinstaller:profileinstaller:1.4.0] AndroidManifest.xml:39:13-57
100            <intent-filter>
100-->[androidx.profileinstaller:profileinstaller:1.4.0] AndroidManifest.xml:40:13-42:29
101                <action android:name="androidx.profileinstaller.action.INSTALL_PROFILE" />
101-->[androidx.profileinstaller:profileinstaller:1.4.0] AndroidManifest.xml:41:17-91
101-->[androidx.profileinstaller:profileinstaller:1.4.0] AndroidManifest.xml:41:25-88
102            </intent-filter>
103            <intent-filter>
103-->[androidx.profileinstaller:profileinstaller:1.4.0] AndroidManifest.xml:43:13-45:29
104                <action android:name="androidx.profileinstaller.action.SKIP_FILE" />
104-->[androidx.profileinstaller:profileinstaller:1.4.0] AndroidManifest.xml:44:17-85
104-->[androidx.profileinstaller:profileinstaller:1.4.0] AndroidManifest.xml:44:25-82
105            </intent-filter>
106            <intent-filter>
106-->[androidx.profileinstaller:profileinstaller:1.4.0] AndroidManifest.xml:46:13-48:29
107                <action android:name="androidx.profileinstaller.action.SAVE_PROFILE" />
107-->[androidx.profileinstaller:profileinstaller:1.4.0] AndroidManifest.xml:47:17-88
107-->[androidx.profileinstaller:profileinstaller:1.4.0] AndroidManifest.xml:47:25-85
108            </intent-filter>
109            <intent-filter>
109-->[androidx.profileinstaller:profileinstaller:1.4.0] AndroidManifest.xml:49:13-51:29
110                <action android:name="androidx.profileinstaller.action.BENCHMARK_OPERATION" />
110-->[androidx.profileinstaller:profileinstaller:1.4.0] AndroidManifest.xml:50:17-95
110-->[androidx.profileinstaller:profileinstaller:1.4.0] AndroidManifest.xml:50:25-92
111            </intent-filter>
112        </receiver>
113    </application>
114
115</manifest>